<?xml version="1.0" encoding="UTF-8" ?>
<testsuite failures="0" time="0.047" errors="0" skipped="0" tests="12" name="cal.CalTest_Functional">
  <properties>
    <property name="java.runtime.name" value="Java(TM) SE Runtime Environment"/>
    <property name="sun.boot.library.path" value="/opt/SUN-SDK-x86_64-1.6.0_20/jre/lib/amd64"/>
    <property name="java.vm.version" value="16.3-b01"/>
    <property name="java.vm.vendor" value="Sun Microsystems Inc."/>
    <property name="java.vendor.url" value="http://java.sun.com/"/>
    <property name="path.separator" value=":"/>
    <property name="java.vm.name" value="Java HotSpot(TM) 64-Bit Server VM"/>
    <property name="file.encoding.pkg" value="sun.io"/>
    <property name="user.country" value="US"/>
    <property name="sun.java.launcher" value="SUN_STANDARD"/>
    <property name="sun.os.patch.level" value="unknown"/>
    <property name="java.vm.specification.name" value="Java Virtual Machine Specification"/>
    <property name="user.dir" value="/home/magsilva/Projects-Examples/Cal"/>
    <property name="java.runtime.version" value="1.6.0_20-b02"/>
    <property name="java.awt.graphicsenv" value="sun.awt.X11GraphicsEnvironment"/>
    <property name="basedir" value="/home/magsilva/Projects-Examples/Cal"/>
    <property name="java.endorsed.dirs" value="/opt/SUN-SDK-x86_64-1.6.0_20/jre/lib/endorsed"/>
    <property name="os.arch" value="amd64"/>
    <property name="surefire.real.class.path" value="/tmp/surefirebooter4283652411271384080.jar"/>
    <property name="java.io.tmpdir" value="/tmp"/>
    <property name="line.separator" value="
"/>
    <property name="java.vm.specification.vendor" value="Sun Microsystems Inc."/>
    <property name="os.name" value="Linux"/>
    <property name="sun.jnu.encoding" value="UTF-8"/>
    <property name="java.library.path" value="/opt/SUN-SDK-x86_64-1.6.0_20/jre/lib/amd64/server:/opt/SUN-SDK-x86_64-1.6.0_20/jre/lib/amd64:/opt/SUN-SDK-x86_64-1.6.0_20/jre/../lib/amd64:/usr/java/packages/lib/amd64:/usr/lib64:/lib64:/lib:/usr/lib"/>
    <property name="surefire.test.class.path" value="/home/magsilva/Projects-Examples/Cal/target/test-classes:/home/magsilva/Projects-Examples/Cal/target/classes:/home/magsilva/.m2/repository/junit/junit/4.4/junit-4.4.jar:"/>
    <property name="java.specification.name" value="Java Platform API Specification"/>
    <property name="java.class.version" value="50.0"/>
    <property name="sun.management.compiler" value="HotSpot 64-Bit Server Compiler"/>
    <property name="os.version" value="2.6.32-21-generic"/>
    <property name="user.home" value="/home/magsilva"/>
    <property name="user.timezone" value=""/>
    <property name="java.awt.printerjob" value="sun.print.PSPrinterJob"/>
    <property name="file.encoding" value="UTF-8"/>
    <property name="java.specification.version" value="1.6"/>
    <property name="user.name" value="magsilva"/>
    <property name="java.class.path" value="/home/magsilva/Projects-Examples/Cal/target/test-classes:/home/magsilva/Projects-Examples/Cal/target/classes:/home/magsilva/.m2/repository/junit/junit/4.4/junit-4.4.jar:"/>
    <property name="java.vm.specification.version" value="1.0"/>
    <property name="sun.arch.data.model" value="64"/>
    <property name="java.home" value="/opt/SUN-SDK-x86_64-1.6.0_20/jre"/>
    <property name="java.specification.vendor" value="Sun Microsystems Inc."/>
    <property name="user.language" value="en"/>
    <property name="java.vm.info" value="mixed mode"/>
    <property name="java.version" value="1.6.0_20"/>
    <property name="java.ext.dirs" value="/opt/SUN-SDK-x86_64-1.6.0_20/jre/lib/ext:/usr/java/packages/lib/ext"/>
    <property name="sun.boot.class.path" value="/opt/SUN-SDK-x86_64-1.6.0_20/jre/lib/resources.jar:/opt/SUN-SDK-x86_64-1.6.0_20/jre/lib/rt.jar:/opt/SUN-SDK-x86_64-1.6.0_20/jre/lib/sunrsasign.jar:/opt/SUN-SDK-x86_64-1.6.0_20/jre/lib/jsse.jar:/opt/SUN-SDK-x86_64-1.6.0_20/jre/lib/jce.jar:/opt/SUN-SDK-x86_64-1.6.0_20/jre/lib/charsets.jar:/opt/SUN-SDK-x86_64-1.6.0_20/jre/classes"/>
    <property name="java.vendor" value="Sun Microsystems Inc."/>
    <property name="localRepository" value="/home/magsilva/.m2/repository"/>
    <property name="file.separator" value="/"/>
    <property name="java.vendor.url.bug" value="http://java.sun.com/cgi-bin/bugreport.cgi"/>
    <property name="sun.cpu.endian" value="little"/>
    <property name="sun.io.unicode.encoding" value="UnicodeLittle"/>
    <property name="sun.desktop" value="gnome"/>
    <property name="sun.cpu.isalist" value=""/>
  </properties>
  <testcase time="0.009" classname="cal.CalTest_Functional" name="testFirstOfMonth1"/>
  <testcase time="0.002" classname="cal.CalTest_Functional" name="testFirstOfMonth2"/>
  <testcase time="0.002" classname="cal.CalTest_Functional" name="testFirstOfMonth3"/>
  <testcase time="0.004" classname="cal.CalTest_Functional" name="testNumberOfDays1"/>
  <testcase time="0.002" classname="cal.CalTest_Functional" name="testNumberOfDays2"/>
  <testcase time="0.001" classname="cal.CalTest_Functional" name="testIsLeap1"/>
  <testcase time="0.001" classname="cal.CalTest_Functional" name="testIsLeap2"/>
  <testcase time="0.001" classname="cal.CalTest_Functional" name="testIsLeap3"/>
  <testcase time="0.001" classname="cal.CalTest_Functional" name="testIsLeap4"/>
  <testcase time="0.002" classname="cal.CalTest_Functional" name="testIsLeap5"/>
  <testcase time="0.002" classname="cal.CalTest_Functional" name="testIsLeap6"/>
  <testcase time="0.002" classname="cal.CalTest_Functional" name="testJan1_1"/>
</testsuite>